<?xml version="1.0" encoding="UTF-8"?>
<!-- Generated by org.testng.reporters.JUnitXMLReporter -->
<testsuite hostname="Pushpa" ignored="0" name="Test" tests="5" failures="0" timestamp="07 Feb 2018 16:38:26 GMT" time="0.058" errors="0">
  <testcase name="tc1" time="0.012" classname="com.testngframework.TestCase6"/>
  <testcase name="tc2" time="0.001" classname="com.testngframework.TestCase6"/>
  <testcase name="tc3" time="0.002" classname="com.testngframework.TestCase6"/>
  <testcase name="tc4" time="0.002" classname="com.testngframework.TestCase6"/>
  <testcase name="tc5" time="0.002" classname="com.testngframework.TestCase6"/>
</testsuite> <!-- Test -->
