<?xml version="1.0" encoding="UTF-8"?>
<!-- Generated by org.testng.reporters.JUnitXMLReporter -->
<testsuite hostname="Pushpa" ignored="0" name="SampleTestCases" tests="9" failures="0" timestamp="06 Feb 2018 21:06:01 GMT" time="0.065" errors="0">
  <testcase name="checkUser" time="0.009" classname="com.testngframework.TestCase1"/>
  <testcase name="createUser" time="0.002" classname="com.testngframework.TestCase1"/>
  <testcase name="deleteUser" time="0.001" classname="com.testngframework.TestCase1"/>
  <testcase name="editUser" time="0.001" classname="com.testngframework.TestCase1"/>
  <testcase name="checkUser" time="0.003" classname="com.testngframework.TestCase4"/>
  <testcase name="createUser" time="0.001" classname="com.testngframework.TestCase4"/>
  <testcase name="deleteUser" time="0.001" classname="com.testngframework.TestCase4"/>
  <testcase name="editUser" time="0.001" classname="com.testngframework.TestCase4"/>
  <testcase name="checkUser" time="0.001" classname="com.testngframework.TestCase2"/>
</testsuite> <!-- SampleTestCases -->
