<?xml version="1.0" encoding="UTF-8"?>
<testng-results skipped="0" failed="0" ignored="0" total="9" passed="9">
  <reporter-output>
  </reporter-output>
  <suite name="SampleSuite" duration-ms="65" started-at="2018-02-06T21:06:00Z" finished-at="2018-02-06T21:06:00Z">
    <groups>
    </groups>
    <test name="SampleTestCases" duration-ms="65" started-at="2018-02-06T21:06:00Z" finished-at="2018-02-06T21:06:00Z">
      <class name="com.testngframework.TestCase2">
        <test-method status="PASS" signature="checkUser()[pri:1, instance:com.testngframework.TestCase2@39aeed2f]" name="checkUser" duration-ms="1" started-at="2018-02-06T15:06:00Z" finished-at="2018-02-06T15:06:00Z">
          <reporter-output>
          </reporter-output>
        </test-method> <!-- checkUser -->
      </class> <!-- com.testngframework.TestCase2 -->
      <class name="com.testngframework.TestCase4">
        <test-method status="PASS" signature="checkUser()[pri:0, instance:com.testngframework.TestCase4@4678c730]" name="checkUser" duration-ms="3" started-at="2018-02-06T15:06:00Z" finished-at="2018-02-06T15:06:00Z">
          <reporter-output>
          </reporter-output>
        </test-method> <!-- checkUser -->
        <test-method status="PASS" signature="createUser()[pri:0, instance:com.testngframework.TestCase4@4678c730]" name="createUser" duration-ms="1" started-at="2018-02-06T15:06:00Z" finished-at="2018-02-06T15:06:00Z">
          <reporter-output>
          </reporter-output>
        </test-method> <!-- createUser -->
        <test-method status="PASS" signature="deleteUser()[pri:0, instance:com.testngframework.TestCase4@4678c730]" name="deleteUser" duration-ms="1" started-at="2018-02-06T15:06:00Z" finished-at="2018-02-06T15:06:00Z">
          <reporter-output>
          </reporter-output>
        </test-method> <!-- deleteUser -->
        <test-method status="PASS" signature="editUser()[pri:0, instance:com.testngframework.TestCase4@4678c730]" name="editUser" duration-ms="1" started-at="2018-02-06T15:06:00Z" finished-at="2018-02-06T15:06:00Z">
          <reporter-output>
          </reporter-output>
        </test-method> <!-- editUser -->
      </class> <!-- com.testngframework.TestCase4 -->
      <class name="com.testngframework.TestCase1">
        <test-method status="PASS" signature="login()[pri:0, instance:com.testngframework.TestCase1@5c7fa833]" name="login" is-config="true" duration-ms="10" started-at="2018-02-06T15:06:00Z" finished-at="2018-02-06T15:06:00Z">
          <reporter-output>
          </reporter-output>
        </test-method> <!-- login -->
        <test-method status="PASS" signature="checkUser()[pri:0, instance:com.testngframework.TestCase1@5c7fa833]" name="checkUser" duration-ms="9" started-at="2018-02-06T15:06:00Z" finished-at="2018-02-06T15:06:00Z">
          <reporter-output>
          </reporter-output>
        </test-method> <!-- checkUser -->
        <test-method status="PASS" signature="createUser()[pri:0, instance:com.testngframework.TestCase1@5c7fa833]" name="createUser" duration-ms="2" started-at="2018-02-06T15:06:00Z" finished-at="2018-02-06T15:06:00Z">
          <reporter-output>
          </reporter-output>
        </test-method> <!-- createUser -->
        <test-method status="PASS" signature="deleteUser()[pri:0, instance:com.testngframework.TestCase1@5c7fa833]" name="deleteUser" duration-ms="1" started-at="2018-02-06T15:06:00Z" finished-at="2018-02-06T15:06:00Z">
          <reporter-output>
          </reporter-output>
        </test-method> <!-- deleteUser -->
        <test-method status="PASS" signature="editUser()[pri:0, instance:com.testngframework.TestCase1@5c7fa833]" name="editUser" duration-ms="1" started-at="2018-02-06T15:06:00Z" finished-at="2018-02-06T15:06:00Z">
          <reporter-output>
          </reporter-output>
        </test-method> <!-- editUser -->
        <test-method status="PASS" signature="logout()[pri:0, instance:com.testngframework.TestCase1@5c7fa833]" name="logout" is-config="true" duration-ms="0" started-at="2018-02-06T15:06:00Z" finished-at="2018-02-06T15:06:00Z">
          <reporter-output>
          </reporter-output>
        </test-method> <!-- logout -->
      </class> <!-- com.testngframework.TestCase1 -->
    </test> <!-- SampleTestCases -->
  </suite> <!-- SampleSuite -->
</testng-results>
