<?xml version="1.0" encoding="UTF-8"?>
<!-- Generated by org.testng.reporters.JUnitReportReporter -->
<testsuite skipped="0" hostname="Pushpa" name="com.testngframework.SampleTestCase2" tests="4" failures="0" timestamp="30 Jan 2018 22:40:39 GMT" time="84.721" errors="0">
  <testcase name="test4" time="22.196" classname="com.testngframework.SampleTestCase2"/>
  <testcase name="test2" time="19.931" classname="com.testngframework.SampleTestCase2"/>
  <testcase name="test3" time="26.926" classname="com.testngframework.SampleTestCase2"/>
  <testcase name="test1" time="15.668" classname="com.testngframework.SampleTestCase2"/>
</testsuite> <!-- com.testngframework.SampleTestCase2 -->
