<?xml version="1.0" encoding="UTF-8"?>
<!-- Generated by org.testng.reporters.JUnitReportReporter -->
<testsuite skipped="0" hostname="Pushpa" name="com.testngframework.TestCase5" tests="8" failures="0" timestamp="06 Feb 2018 21:50:42 GMT" time="0.015" errors="0">
  <testcase name="approvedTransactions" time="0.001" classname="com.testngframework.TestCase5"/>
  <testcase name="addAuthorizedUser" time="0.006" classname="com.testngframework.TestCase5"/>
  <testcase name="balance" time="0.001" classname="com.testngframework.TestCase5"/>
  <testcase name="pendingTransactions" time="0.001" classname="com.testngframework.TestCase5"/>
  <testcase name="creditLimitIncrease" time="0.002" classname="com.testngframework.TestCase5"/>
  <testcase name="addressChange" time="0.001" classname="com.testngframework.TestCase5"/>
  <testcase name="creditCheck" time="0.001" classname="com.testngframework.TestCase5"/>
  <testcase name="fraudAlerts" time="0.002" classname="com.testngframework.TestCase5"/>
</testsuite> <!-- com.testngframework.TestCase5 -->
